2015/03/18 00:22:33 [error] [exception.CHttpException.403] exception 'CHttpException' with message 'Usted no se encuentra autorizado a realizar esta acción.' in C:\wamp\www\yii\framework\web\auth\CAccessControlFilter.php:182
Stack trace:
#0 C:\wamp\www\yii\framework\web\auth\CAccessControlFilter.php(145): CAccessControlFilter->accessDenied(Object(CWebUser), 'Usted no se enc...')
#1 C:\wamp\www\yii\framework\web\filters\CFilter.php(38): CAccessControlFilter->preFilter(Object(CFilterChain))
#2 C:\wamp\www\yii\framework\web\CController.php(1145): CFilter->filter(Object(CFilterChain))
#3 C:\wamp\www\yii\framework\web\filters\CInlineFilter.php(58): CController->filterAccessControl(Object(CFilterChain))
#4 C:\wamp\www\yii\framework\web\filters\CFilterChain.php(130): CInlineFilter->filter(Object(CFilterChain))
#5 C:\wamp\www\yii\framework\web\CController.php(291): CFilterChain->run()
#6 C:\wamp\www\yii\framework\web\CController.php(265): CController->runActionWithFilters(Object(CInlineAction), Array)
#7 C:\wamp\www\yii\framework\web\CWebApplication.php(282): CController->run('admin')
#8 C:\wamp\www\yii\framework\web\CWebApplication.php(141): CWebApplication->runController('incidentes/admi...')
#9 C:\wamp\www\yii\framework\base\CApplication.php(184): CWebApplication->processRequest()
#10 C:\wamp\www\controlI\index.php(13): CApplication->run()
#11 {main}
REQUEST_URI=/controlI/incidentes/admin.html
HTTP_REFERER=http://localhost/controlI/incidentes
---
2015/03/18 00:22:44 [error] [exception.CHttpException.403] exception 'CHttpException' with message 'Usted no se encuentra autorizado a realizar esta acción.' in C:\wamp\www\yii\framework\web\auth\CAccessControlFilter.php:182
Stack trace:
#0 C:\wamp\www\yii\framework\web\auth\CAccessControlFilter.php(145): CAccessControlFilter->accessDenied(Object(CWebUser), 'Usted no se enc...')
#1 C:\wamp\www\yii\framework\web\filters\CFilter.php(38): CAccessControlFilter->preFilter(Object(CFilterChain))
#2 C:\wamp\www\yii\framework\web\CController.php(1145): CFilter->filter(Object(CFilterChain))
#3 C:\wamp\www\yii\framework\web\filters\CInlineFilter.php(58): CController->filterAccessControl(Object(CFilterChain))
#4 C:\wamp\www\yii\framework\web\filters\CFilterChain.php(130): CInlineFilter->filter(Object(CFilterChain))
#5 C:\wamp\www\yii\framework\web\CController.php(291): CFilterChain->run()
#6 C:\wamp\www\yii\framework\web\CController.php(265): CController->runActionWithFilters(Object(CInlineAction), Array)
#7 C:\wamp\www\yii\framework\web\CWebApplication.php(282): CController->run('admin')
#8 C:\wamp\www\yii\framework\web\CWebApplication.php(141): CWebApplication->runController('incidentes/admi...')
#9 C:\wamp\www\yii\framework\base\CApplication.php(184): CWebApplication->processRequest()
#10 C:\wamp\www\controlI\index.php(13): CApplication->run()
#11 {main}
REQUEST_URI=/controlI/incidentes/admin.html
HTTP_REFERER=http://localhost/controlI/incidentes/create.html
---
2015/03/18 15:25:44 [error] [php] include(table.php): failed to open stream: No such file or directory (C:\wamp\www\yii\framework\YiiBase.php:432)
Stack trace:
#0 unknown(0): spl_autoload_call()
#1 C:\wamp\www\yii\framework\YiiBase.php(303): class_exists()
#2 C:\wamp\www\yii\framework\YiiBase.php(196): import()
#3 C:\wamp\www\yii\framework\zii\widgets\grid\CGridView.php(388): createComponent()
#4 C:\wamp\www\yii\framework\zii\widgets\grid\CGridView.php(359): CGridView->initColumns()
#5 C:\wamp\www\yii\framework\web\CBaseController.php(147): CGridView->init()
#6 C:\wamp\www\yii\framework\web\CBaseController.php(180): IncidentesController->createWidget()
#7 C:\wamp\www\controlI\protected\views\incidentes\admin.php(67): IncidentesController->widget()
#8 C:\wamp\www\yii\framework\web\CBaseController.php(126): require()
#9 C:\wamp\www\yii\framework\web\CBaseController.php(95): IncidentesController->renderInternal()
#10 C:\wamp\www\yii\framework\web\CController.php(869): IncidentesController->renderFile()
#11 C:\wamp\www\yii\framework\web\CController.php(782): IncidentesController->renderPartial()
#12 C:\wamp\www\controlI\protected\controllers\IncidentesController.php(145): IncidentesController->render()
#13 C:\wamp\www\yii\framework\web\actions\CInlineAction.php(49): IncidentesController->actionAdmin()
#14 C:\wamp\www\yii\framework\web\CController.php(308): CInlineAction->runWithParams()
#15 C:\wamp\www\yii\framework\web\filters\CFilterChain.php(133): IncidentesController->runAction()
#16 C:\wamp\www\yii\framework\web\filters\CFilter.php(40): CFilterChain->run()
#17 C:\wamp\www\yii\framework\web\CController.php(1145): CAccessControlFilter->filter()
#18 C:\wamp\www\yii\framework\web\filters\CInlineFilter.php(58): IncidentesController->filterAccessControl()
#19 C:\wamp\www\yii\framework\web\filters\CFilterChain.php(130): CInlineFilter->filter()
#20 C:\wamp\www\yii\framework\web\CController.php(291): CFilterChain->run()
#21 C:\wamp\www\yii\framework\web\CController.php(265): IncidentesController->runActionWithFilters()
#22 C:\wamp\www\yii\framework\web\CWebApplication.php(282): IncidentesController->run()
#23 C:\wamp\www\yii\framework\web\CWebApplication.php(141): CWebApplication->runController()
#24 C:\wamp\www\yii\framework\base\CApplication.php(184): CWebApplication->processRequest()
#25 C:\wamp\www\controlI\index.php(13): CWebApplication->run()
REQUEST_URI=/controlI/incidentes/admin.html
in C:\wamp\www\controlI\protected\views\incidentes\admin.php (67)
in C:\wamp\www\controlI\protected\controllers\IncidentesController.php (145)
in C:\wamp\www\controlI\index.php (13)
2015/03/18 15:30:36 [error] [exception.CException] exception 'CException' with message 'El alias "zii.widgets.grid.TbGridView" es inválido. Asegúrese de que apunta a un archivo PHP existente y que el archivo tiene permisos de lectura.' in C:\wamp\www\yii\framework\YiiBase.php:323
Stack trace:
#0 C:\wamp\www\yii\framework\web\CWidgetFactory.php(146): YiiBase::import('zii.widgets.gri...', true)
#1 C:\wamp\www\yii\framework\web\CBaseController.php(146): CWidgetFactory->createWidget(Object(IncidentesController), 'zii.widgets.gri...', Array)
#2 C:\wamp\www\yii\framework\web\CBaseController.php(180): CBaseController->createWidget('zii.widgets.gri...', Array)
#3 C:\wamp\www\controlI\protected\views\incidentes\admin.php(67): CBaseController->widget('zii.widgets.gri...', Array)
#4 C:\wamp\www\yii\framework\web\CBaseController.php(126): require('C:\\wamp\\www\\con...')
#5 C:\wamp\www\yii\framework\web\CBaseController.php(95): CBaseController->renderInternal('C:\\wamp\\www\\con...', Array, true)
#6 C:\wamp\www\yii\framework\web\CController.php(869): CBaseController->renderFile('C:\\wamp\\www\\con...', Array, true)
#7 C:\wamp\www\yii\framework\web\CController.php(782): CController->renderPartial('admin', Array, true)
#8 C:\wamp\www\controlI\protected\controllers\IncidentesController.php(145): CController->render('admin', Array)
#9 C:\wamp\www\yii\framework\web\actions\CInlineAction.php(49): IncidentesController->actionAdmin()
#10 C:\wamp\www\yii\framework\web\CController.php(308): CInlineAction->runWithParams(Array)
#11 C:\wamp\www\yii\framework\web\filters\CFilterChain.php(133): CController->runAction(Object(CInlineAction))
#12 C:\wamp\www\yii\framework\web\filters\CFilter.php(40): CFilterChain->run()
#13 C:\wamp\www\yii\framework\web\CController.php(1145): CFilter->filter(Object(CFilterChain))
#14 C:\wamp\www\yii\framework\web\filters\CInlineFilter.php(58): CController->filterAccessControl(Object(CFilterChain))
#15 C:\wamp\www\yii\framework\web\filters\CFilterChain.php(130): CInlineFilter->filter(Object(CFilterChain))
#16 C:\wamp\www\yii\framework\web\CController.php(291): CFilterChain->run()
#17 C:\wamp\www\yii\framework\web\CController.php(265): CController->runActionWithFilters(Object(CInlineAction), Array)
#18 C:\wamp\www\yii\framework\web\CWebApplication.php(282): CController->run('admin')
#19 C:\wamp\www\yii\framework\web\CWebApplication.php(141): CWebApplication->runController('incidentes/admi...')
#20 C:\wamp\www\yii\framework\base\CApplication.php(184): CWebApplication->processRequest()
#21 C:\wamp\www\controlI\index.php(13): CApplication->run()
#22 {main}
REQUEST_URI=/controlI/incidentes/admin.html
---
2015/03/18 15:31:50 [error] [exception.CException] exception 'CException' with message 'El alias "ext.editable.EditableColumn" es inválido. Asegúrese de que apunta a un archivo PHP existente y que el archivo tiene permisos de lectura.' in C:\wamp\www\yii\framework\YiiBase.php:323
Stack trace:
#0 C:\wamp\www\yii\framework\YiiBase.php(196): YiiBase::import('ext.editable.Ed...', true)
#1 C:\wamp\www\yii\framework\zii\widgets\grid\CGridView.php(388): YiiBase::createComponent(Array, Object(CGridView))
#2 C:\wamp\www\yii\framework\zii\widgets\grid\CGridView.php(359): CGridView->initColumns()
#3 C:\wamp\www\yii\framework\web\CBaseController.php(147): CGridView->init()
#4 C:\wamp\www\yii\framework\web\CBaseController.php(180): CBaseController->createWidget('zii.widgets.gri...', Array)
#5 C:\wamp\www\controlI\protected\views\incidentes\admin.php(68): CBaseController->widget('zii.widgets.gri...', Array)
#6 C:\wamp\www\yii\framework\web\CBaseController.php(126): require('C:\\wamp\\www\\con...')
#7 C:\wamp\www\yii\framework\web\CBaseController.php(95): CBaseController->renderInternal('C:\\wamp\\www\\con...', Array, true)
#8 C:\wamp\www\yii\framework\web\CController.php(869): CBaseController->renderFile('C:\\wamp\\www\\con...', Array, true)
#9 C:\wamp\www\yii\framework\web\CController.php(782): CController->renderPartial('admin', Array, true)
#10 C:\wamp\www\controlI\protected\controllers\IncidentesController.php(145): CController->render('admin', Array)
#11 C:\wamp\www\yii\framework\web\actions\CInlineAction.php(49): IncidentesController->actionAdmin()
#12 C:\wamp\www\yii\framework\web\CController.php(308): CInlineAction->runWithParams(Array)
#13 C:\wamp\www\yii\framework\web\filters\CFilterChain.php(133): CController->runAction(Object(CInlineAction))
#14 C:\wamp\www\yii\framework\web\filters\CFilter.php(40): CFilterChain->run()
#15 C:\wamp\www\yii\framework\web\CController.php(1145): CFilter->filter(Object(CFilterChain))
#16 C:\wamp\www\yii\framework\web\filters\CInlineFilter.php(58): CController->filterAccessControl(Object(CFilterChain))
#17 C:\wamp\www\yii\framework\web\filters\CFilterChain.php(130): CInlineFilter->filter(Object(CFilterChain))
#18 C:\wamp\www\yii\framework\web\CController.php(291): CFilterChain->run()
#19 C:\wamp\www\yii\framework\web\CController.php(265): CController->runActionWithFilters(Object(CInlineAction), Array)
#20 C:\wamp\www\yii\framework\web\CWebApplication.php(282): CController->run('admin')
#21 C:\wamp\www\yii\framework\web\CWebApplication.php(141): CWebApplication->runController('incidentes/admi...')
#22 C:\wamp\www\yii\framework\base\CApplication.php(184): CWebApplication->processRequest()
#23 C:\wamp\www\controlI\index.php(13): CApplication->run()
#24 {main}
REQUEST_URI=/controlI/incidentes/admin.html
---
2015/03/18 16:03:56 [error] [php] Trying to get property of non-object (C:\wamp\www\controlI\protected\views\layouts\main.php:12)
Stack trace:
#0 C:\wamp\www\yii\framework\web\widgets\CContentDecorator.php(76): SiteController->renderFile()
#1 C:\wamp\www\yii\framework\web\widgets\CContentDecorator.php(54): CContentDecorator->decorate()
#2 C:\wamp\www\yii\framework\web\widgets\COutputProcessor.php(44): CContentDecorator->processOutput()
#3 C:\wamp\www\yii\framework\web\CBaseController.php(214): CContentDecorator->run()
#4 C:\wamp\www\yii\framework\web\CBaseController.php(308): SiteController->endWidget()
#5 C:\wamp\www\controlI\protected\views\layouts\column1.php(6): SiteController->endContent()
#6 C:\wamp\www\yii\framework\web\CBaseController.php(126): require()
#7 C:\wamp\www\yii\framework\web\CBaseController.php(95): SiteController->renderInternal()
#8 C:\wamp\www\yii\framework\web\CController.php(784): SiteController->renderFile()
#9 C:\wamp\www\controlI\protected\controllers\SiteController.php(98): SiteController->render()
#10 C:\wamp\www\yii\framework\web\actions\CInlineAction.php(49): SiteController->actionLogin()
#11 C:\wamp\www\yii\framework\web\CController.php(308): CInlineAction->runWithParams()
#12 C:\wamp\www\yii\framework\web\CController.php(286): SiteController->runAction()
#13 C:\wamp\www\yii\framework\web\CController.php(265): SiteController->runActionWithFilters()
#14 C:\wamp\www\yii\framework\web\CWebApplication.php(282): SiteController->run()
#15 C:\wamp\www\yii\framework\web\CWebApplication.php(141): CWebApplication->runController()
#16 C:\wamp\www\yii\framework\base\CApplication.php(184): CWebApplication->processRequest()
#17 C:\wamp\www\controlI\index.php(13): CWebApplication->run()
REQUEST_URI=/controlI/site/login.html
in C:\wamp\www\controlI\protected\views\layouts\main.php (12)
in C:\wamp\www\controlI\protected\views\layouts\column1.php (6)
in C:\wamp\www\controlI\protected\controllers\SiteController.php (98)
2015/03/18 16:03:56 [error] [exception.CHttpException.404] exception 'CHttpException' with message 'El sistema no ha podido encontrar la acción "<br " solicitada.' in C:\wamp\www\yii\framework\web\CController.php:483
Stack trace:
#0 C:\wamp\www\yii\framework\web\CController.php(270): CController->missingAction('<br ')
#1 C:\wamp\www\yii\framework\web\CWebApplication.php(282): CController->run('<br ')
#2 C:\wamp\www\yii\framework\web\CWebApplication.php(141): CWebApplication->runController('site/<br /><fon...')
#3 C:\wamp\www\yii\framework\base\CApplication.php(184): CWebApplication->processRequest()
#4 C:\wamp\www\controlI\index.php(13): CApplication->run()
#5 {main}
REQUEST_URI=/controlI/site/%3Cbr%20/%3E%3Cfont%20size='1'%3E%3Ctable%20class='xdebug-error%20xe-notice'%20dir='ltr'%20border='1'%20cellspacing='0'%20cellpadding='1'%3E%3Ctr%3E%3Cth%20align='left'%20bgcolor='
HTTP_REFERER=http://localhost/controlI/site/login.html
---
2015/03/18 16:04:39 [error] [php] Trying to get property of non-object (C:\wamp\www\controlI\protected\views\site\login.php:11)
Stack trace:
#0 C:\wamp\www\yii\framework\web\CController.php(869): SiteController->renderFile()
#1 C:\wamp\www\yii\framework\web\CController.php(782): SiteController->renderPartial()
#2 C:\wamp\www\controlI\protected\controllers\SiteController.php(98): SiteController->render()
#3 C:\wamp\www\yii\framework\web\actions\CInlineAction.php(49): SiteController->actionLogin()
#4 C:\wamp\www\yii\framework\web\CController.php(308): CInlineAction->runWithParams()
#5 C:\wamp\www\yii\framework\web\CController.php(286): SiteController->runAction()
#6 C:\wamp\www\yii\framework\web\CController.php(265): SiteController->runActionWithFilters()
#7 C:\wamp\www\yii\framework\web\CWebApplication.php(282): SiteController->run()
#8 C:\wamp\www\yii\framework\web\CWebApplication.php(141): CWebApplication->runController()
#9 C:\wamp\www\yii\framework\base\CApplication.php(184): CWebApplication->processRequest()
#10 C:\wamp\www\controlI\index.php(13): CWebApplication->run()
REQUEST_URI=/controlI/site/login.html
in C:\wamp\www\controlI\protected\views\site\login.php (11)
in C:\wamp\www\controlI\protected\controllers\SiteController.php (98)
in C:\wamp\www\controlI\index.php (13)
2015/03/18 17:09:25 [error] [php] Invalid argument supplied for foreach() (C:\wamp\www\yii\framework\web\helpers\CHtml.php:2798)
Stack trace:
#0 C:\wamp\www\yii\framework\web\CBaseController.php(181): CBreadcrumbs->run()
#1 C:\wamp\www\controlI\protected\views\layouts\main.php(54): IncidentesController->widget()
#2 C:\wamp\www\yii\framework\web\CBaseController.php(126): require()
#3 C:\wamp\www\yii\framework\web\CBaseController.php(95): IncidentesController->renderInternal()
#4 C:\wamp\www\yii\framework\web\widgets\CContentDecorator.php(76): IncidentesController->renderFile()
#5 C:\wamp\www\yii\framework\web\widgets\CContentDecorator.php(54): CContentDecorator->decorate()
#6 C:\wamp\www\yii\framework\web\widgets\COutputProcessor.php(44): CContentDecorator->processOutput()
#7 C:\wamp\www\yii\framework\web\CBaseController.php(214): CContentDecorator->run()
#8 C:\wamp\www\yii\framework\web\CBaseController.php(308): IncidentesController->endWidget()
#9 C:\wamp\www\controlI\protected\views\layouts\column2.php(23): IncidentesController->endContent()
#10 C:\wamp\www\yii\framework\web\CBaseController.php(126): require()
#11 C:\wamp\www\yii\framework\web\CBaseController.php(95): IncidentesController->renderInternal()
#12 C:\wamp\www\yii\framework\web\CController.php(784): IncidentesController->renderFile()
#13 C:\wamp\www\controlI\protected\controllers\IncidentesController.php(81): IncidentesController->render()
#14 C:\wamp\www\yii\framework\web\actions\CInlineAction.php(49): IncidentesController->actionCreate()
#15 C:\wamp\www\yii\framework\web\CController.php(308): CInlineAction->runWithParams()
#16 C:\wamp\www\yii\framework\web\filters\CFilterChain.php(133): IncidentesController->runAction()
#17 C:\wamp\www\yii\framework\web\filters\CFilter.php(40): CFilterChain->run()
#18 C:\wamp\www\yii\framework\web\CController.php(1145): CAccessControlFilter->filter()
#19 C:\wamp\www\yii\framework\web\filters\CInlineFilter.php(58): IncidentesController->filterAccessControl()
#20 C:\wamp\www\yii\framework\web\filters\CFilterChain.php(130): CInlineFilter->filter()
#21 C:\wamp\www\yii\framework\web\CController.php(291): CFilterChain->run()
#22 C:\wamp\www\yii\framework\web\CController.php(265): IncidentesController->runActionWithFilters()
#23 C:\wamp\www\yii\framework\web\CWebApplication.php(282): IncidentesController->run()
#24 C:\wamp\www\yii\framework\web\CWebApplication.php(141): CWebApplication->runController()
#25 C:\wamp\www\yii\framework\base\CApplication.php(184): CWebApplication->processRequest()
#26 C:\wamp\www\controlI\index.php(13): CWebApplication->run()
REQUEST_URI=/controlI/incidentes/create
in C:\wamp\www\controlI\protected\views\layouts\main.php (54)
in C:\wamp\www\controlI\protected\views\layouts\column2.php (23)
in C:\wamp\www\controlI\protected\controllers\IncidentesController.php (81)
2015/03/18 17:32:47 [error] [php] Trying to get property of non-object (C:\wamp\www\controlI\protected\views\layouts\main.php:79)
Stack trace:
#0 C:\wamp\www\yii\framework\web\widgets\CContentDecorator.php(76): IncidentesController->renderFile()
#1 C:\wamp\www\yii\framework\web\widgets\CContentDecorator.php(54): CContentDecorator->decorate()
#2 C:\wamp\www\yii\framework\web\widgets\COutputProcessor.php(44): CContentDecorator->processOutput()
#3 C:\wamp\www\yii\framework\web\CBaseController.php(214): CContentDecorator->run()
#4 C:\wamp\www\yii\framework\web\CBaseController.php(308): IncidentesController->endWidget()
#5 C:\wamp\www\controlI\protected\views\layouts\column2.php(23): IncidentesController->endContent()
#6 C:\wamp\www\yii\framework\web\CBaseController.php(126): require()
#7 C:\wamp\www\yii\framework\web\CBaseController.php(95): IncidentesController->renderInternal()
#8 C:\wamp\www\yii\framework\web\CController.php(784): IncidentesController->renderFile()
#9 C:\wamp\www\controlI\protected\controllers\IncidentesController.php(81): IncidentesController->render()
#10 C:\wamp\www\yii\framework\web\actions\CInlineAction.php(49): IncidentesController->actionCreate()
#11 C:\wamp\www\yii\framework\web\CController.php(308): CInlineAction->runWithParams()
#12 C:\wamp\www\yii\framework\web\filters\CFilterChain.php(133): IncidentesController->runAction()
#13 C:\wamp\www\yii\framework\web\filters\CFilter.php(40): CFilterChain->run()
#14 C:\wamp\www\yii\framework\web\CController.php(1145): CAccessControlFilter->filter()
#15 C:\wamp\www\yii\framework\web\filters\CInlineFilter.php(58): IncidentesController->filterAccessControl()
#16 C:\wamp\www\yii\framework\web\filters\CFilterChain.php(130): CInlineFilter->filter()
#17 C:\wamp\www\yii\framework\web\CController.php(291): CFilterChain->run()
#18 C:\wamp\www\yii\framework\web\CController.php(265): IncidentesController->runActionWithFilters()
#19 C:\wamp\www\yii\framework\web\CWebApplication.php(282): IncidentesController->run()
#20 C:\wamp\www\yii\framework\web\CWebApplication.php(141): CWebApplication->runController()
#21 C:\wamp\www\yii\framework\base\CApplication.php(184): CWebApplication->processRequest()
#22 C:\wamp\www\controlI\index.php(13): CWebApplication->run()
REQUEST_URI=/controlI/incidentes/create
in C:\wamp\www\controlI\protected\views\layouts\main.php (79)
in C:\wamp\www\controlI\protected\views\layouts\column2.php (23)
in C:\wamp\www\controlI\protected\controllers\IncidentesController.php (81)
2015/03/18 17:32:49 [error] [exception.CHttpException.404] exception 'CHttpException' with message 'El sistema no ha podido encontrar la acción "<br " solicitada.' in C:\wamp\www\yii\framework\web\CController.php:483
Stack trace:
#0 C:\wamp\www\yii\framework\web\CController.php(270): CController->missingAction('<br ')
#1 C:\wamp\www\yii\framework\web\CWebApplication.php(282): CController->run('<br ')
#2 C:\wamp\www\yii\framework\web\CWebApplication.php(141): CWebApplication->runController('incidentes/<br ...')
#3 C:\wamp\www\yii\framework\base\CApplication.php(184): CWebApplication->processRequest()
#4 C:\wamp\www\controlI\index.php(13): CApplication->run()
#5 {main}
REQUEST_URI=/controlI/incidentes/%3Cbr%20/%3E%3Cfont%20size='1'%3E%3Ctable%20class='xdebug-error%20xe-notice'%20dir='ltr'%20border='1'%20cellspacing='0'%20cellpadding='1'%3E%3Ctr%3E%3Cth%20align='left'%20bgcolor='
HTTP_REFERER=http://localhost/controlI/incidentes/create
---
2015/03/19 09:37:15 [error] [exception.CHttpException.400] exception 'CHttpException' with message 'Su solicitud es inválida.' in /var/www/controlI/yii/framework/web/CController.php:1118
Stack trace:
#0 /var/www/controlI/yii/framework/web/filters/CInlineFilter.php(58): CController->filterPostOnly(Object(CFilterChain))
#1 /var/www/controlI/yii/framework/web/filters/CFilterChain.php(130): CInlineFilter->filter(Object(CFilterChain))
#2 /var/www/controlI/yii/framework/web/filters/CFilter.php(40): CFilterChain->run()
#3 /var/www/controlI/yii/framework/web/CController.php(1145): CFilter->filter(Object(CFilterChain))
#4 /var/www/controlI/yii/framework/web/filters/CInlineFilter.php(58): CController->filterAccessControl(Object(CFilterChain))
#5 /var/www/controlI/yii/framework/web/filters/CFilterChain.php(130): CInlineFilter->filter(Object(CFilterChain))
#6 /var/www/controlI/yii/framework/web/CController.php(291): CFilterChain->run()
#7 /var/www/controlI/yii/framework/web/CController.php(265): CController->runActionWithFilters(Object(CInlineAction), Array)
#8 /var/www/controlI/yii/framework/web/CWebApplication.php(282): CController->run('delete')
#9 /var/www/controlI/yii/framework/web/CWebApplication.php(141): CWebApplication->runController('incidentes/dele...')
#10 /var/www/controlI/yii/framework/base/CApplication.php(184): CWebApplication->processRequest()
#11 /var/www/controlI/controlI/index.php(13): CApplication->run()
#12 {main}
REQUEST_URI=/controlI/controlI/index.php/incidentes/delete/2
HTTP_REFERER=http://localhost/controlI/controlI/index.php/incidentes/admin
---
2015/03/19 09:37:29 [error] [exception.CHttpException.400] exception 'CHttpException' with message 'Su solicitud es inválida.' in /var/www/controlI/yii/framework/web/CController.php:1118
Stack trace:
#0 /var/www/controlI/yii/framework/web/filters/CInlineFilter.php(58): CController->filterPostOnly(Object(CFilterChain))
#1 /var/www/controlI/yii/framework/web/filters/CFilterChain.php(130): CInlineFilter->filter(Object(CFilterChain))
#2 /var/www/controlI/yii/framework/web/filters/CFilter.php(40): CFilterChain->run()
#3 /var/www/controlI/yii/framework/web/CController.php(1145): CFilter->filter(Object(CFilterChain))
#4 /var/www/controlI/yii/framework/web/filters/CInlineFilter.php(58): CController->filterAccessControl(Object(CFilterChain))
#5 /var/www/controlI/yii/framework/web/filters/CFilterChain.php(130): CInlineFilter->filter(Object(CFilterChain))
#6 /var/www/controlI/yii/framework/web/CController.php(291): CFilterChain->run()
#7 /var/www/controlI/yii/framework/web/CController.php(265): CController->runActionWithFilters(Object(CInlineAction), Array)
#8 /var/www/controlI/yii/framework/web/CWebApplication.php(282): CController->run('delete')
#9 /var/www/controlI/yii/framework/web/CWebApplication.php(141): CWebApplication->runController('incidentes/dele...')
#10 /var/www/controlI/yii/framework/base/CApplication.php(184): CWebApplication->processRequest()
#11 /var/www/controlI/controlI/index.php(13): CApplication->run()
#12 {main}
REQUEST_URI=/controlI/controlI/index.php/incidentes/delete/1
HTTP_REFERER=http://localhost/controlI/controlI/index.php/incidentes/admin
---
2015/03/19 09:37:38 [error] [exception.CHttpException.400] exception 'CHttpException' with message 'Su solicitud es inválida.' in /var/www/controlI/yii/framework/web/CController.php:1118
Stack trace:
#0 /var/www/controlI/yii/framework/web/filters/CInlineFilter.php(58): CController->filterPostOnly(Object(CFilterChain))
#1 /var/www/controlI/yii/framework/web/filters/CFilterChain.php(130): CInlineFilter->filter(Object(CFilterChain))
#2 /var/www/controlI/yii/framework/web/filters/CFilter.php(40): CFilterChain->run()
#3 /var/www/controlI/yii/framework/web/CController.php(1145): CFilter->filter(Object(CFilterChain))
#4 /var/www/controlI/yii/framework/web/filters/CInlineFilter.php(58): CController->filterAccessControl(Object(CFilterChain))
#5 /var/www/controlI/yii/framework/web/filters/CFilterChain.php(130): CInlineFilter->filter(Object(CFilterChain))
#6 /var/www/controlI/yii/framework/web/CController.php(291): CFilterChain->run()
#7 /var/www/controlI/yii/framework/web/CController.php(265): CController->runActionWithFilters(Object(CInlineAction), Array)
#8 /var/www/controlI/yii/framework/web/CWebApplication.php(282): CController->run('delete')
#9 /var/www/controlI/yii/framework/web/CWebApplication.php(141): CWebApplication->runController('incidentes/dele...')
#10 /var/www/controlI/yii/framework/base/CApplication.php(184): CWebApplication->processRequest()
#11 /var/www/controlI/controlI/index.php(13): CApplication->run()
#12 {main}
REQUEST_URI=/controlI/controlI/index.php/incidentes/delete/1
HTTP_REFERER=http://localhost/controlI/controlI/index.php/incidentes/admin
---
2015/03/19 09:38:24 [error] [exception.CHttpException.400] exception 'CHttpException' with message 'Su solicitud es inválida.' in /var/www/controlI/yii/framework/web/CController.php:1118
Stack trace:
#0 /var/www/controlI/yii/framework/web/filters/CInlineFilter.php(58): CController->filterPostOnly(Object(CFilterChain))
#1 /var/www/controlI/yii/framework/web/filters/CFilterChain.php(130): CInlineFilter->filter(Object(CFilterChain))
#2 /var/www/controlI/yii/framework/web/filters/CFilter.php(40): CFilterChain->run()
#3 /var/www/controlI/yii/framework/web/CController.php(1145): CFilter->filter(Object(CFilterChain))
#4 /var/www/controlI/yii/framework/web/filters/CInlineFilter.php(58): CController->filterAccessControl(Object(CFilterChain))
#5 /var/www/controlI/yii/framework/web/filters/CFilterChain.php(130): CInlineFilter->filter(Object(CFilterChain))
#6 /var/www/controlI/yii/framework/web/CController.php(291): CFilterChain->run()
#7 /var/www/controlI/yii/framework/web/CController.php(265): CController->runActionWithFilters(Object(CInlineAction), Array)
#8 /var/www/controlI/yii/framework/web/CWebApplication.php(282): CController->run('delete')
#9 /var/www/controlI/yii/framework/web/CWebApplication.php(141): CWebApplication->runController('incidentes/dele...')
#10 /var/www/controlI/yii/framework/base/CApplication.php(184): CWebApplication->processRequest()
#11 /var/www/controlI/controlI/index.php(13): CApplication->run()
#12 {main}
REQUEST_URI=/controlI/controlI/index.php/incidentes/delete/2
HTTP_REFERER=http://localhost/controlI/controlI/index.php/incidentes/admin
---
2015/03/19 09:39:14 [error] [exception.CHttpException.400] exception 'CHttpException' with message 'Su solicitud es inválida.' in /var/www/controlI/yii/framework/web/CController.php:1118
Stack trace:
#0 /var/www/controlI/yii/framework/web/filters/CInlineFilter.php(58): CController->filterPostOnly(Object(CFilterChain))
#1 /var/www/controlI/yii/framework/web/filters/CFilterChain.php(130): CInlineFilter->filter(Object(CFilterChain))
#2 /var/www/controlI/yii/framework/web/filters/CFilter.php(40): CFilterChain->run()
#3 /var/www/controlI/yii/framework/web/CController.php(1145): CFilter->filter(Object(CFilterChain))
#4 /var/www/controlI/yii/framework/web/filters/CInlineFilter.php(58): CController->filterAccessControl(Object(CFilterChain))
#5 /var/www/controlI/yii/framework/web/filters/CFilterChain.php(130): CInlineFilter->filter(Object(CFilterChain))
#6 /var/www/controlI/yii/framework/web/CController.php(291): CFilterChain->run()
#7 /var/www/controlI/yii/framework/web/CController.php(265): CController->runActionWithFilters(Object(CInlineAction), Array)
#8 /var/www/controlI/yii/framework/web/CWebApplication.php(282): CController->run('delete')
#9 /var/www/controlI/yii/framework/web/CWebApplication.php(141): CWebApplication->runController('incidentes/dele...')
#10 /var/www/controlI/yii/framework/base/CApplication.php(184): CWebApplication->processRequest()
#11 /var/www/controlI/controlI/index.php(13): CApplication->run()
#12 {main}
REQUEST_URI=/controlI/controlI/index.php/incidentes/delete/2
HTTP_REFERER=http://localhost/controlI/controlI/index.php/incidentes/admin
---
2015/03/19 09:41:01 [error] [exception.CHttpException.404] exception 'CHttpException' with message 'No es posible resolver la solicitud "admin"' in /var/www/controlI/yii/framework/web/CWebApplication.php:286
Stack trace:
#0 /var/www/controlI/yii/framework/web/CWebApplication.php(141): CWebApplication->runController('admin')
#1 /var/www/controlI/yii/framework/base/CApplication.php(184): CWebApplication->processRequest()
#2 /var/www/controlI/controlI/index.php(13): CApplication->run()
#3 {main}
REQUEST_URI=/controlI/controlI/index.php/admin
---
2015/03/19 09:42:06 [error] [exception.CHttpException.404] exception 'CHttpException' with message 'No es posible resolver la solicitud "admin"' in /var/www/controlI/yii/framework/web/CWebApplication.php:286
Stack trace:
#0 /var/www/controlI/yii/framework/web/CWebApplication.php(141): CWebApplication->runController('admin')
#1 /var/www/controlI/yii/framework/base/CApplication.php(184): CWebApplication->processRequest()
#2 /var/www/controlI/controlI/index.php(13): CApplication->run()
#3 {main}
REQUEST_URI=/controlI/controlI/index.php/admin
---
2015/03/19 09:42:23 [error] [exception.CHttpException.404] exception 'CHttpException' with message 'No es posible resolver la solicitud "admin"' in /var/www/controlI/yii/framework/web/CWebApplication.php:286
Stack trace:
#0 /var/www/controlI/yii/framework/web/CWebApplication.php(141): CWebApplication->runController('admin')
#1 /var/www/controlI/yii/framework/base/CApplication.php(184): CWebApplication->processRequest()
#2 /var/www/controlI/controlI/index.php(13): CApplication->run()
#3 {main}
REQUEST_URI=/controlI/controlI/index.php/admin
---
2015/03/19 09:43:20 [error] [exception.CHttpException.400] exception 'CHttpException' with message 'Su solicitud es inválida.' in /var/www/controlI/yii/framework/web/CController.php:1118
Stack trace:
#0 /var/www/controlI/yii/framework/web/filters/CInlineFilter.php(58): CController->filterPostOnly(Object(CFilterChain))
#1 /var/www/controlI/yii/framework/web/filters/CFilterChain.php(130): CInlineFilter->filter(Object(CFilterChain))
#2 /var/www/controlI/yii/framework/web/filters/CFilter.php(40): CFilterChain->run()
#3 /var/www/controlI/yii/framework/web/CController.php(1145): CFilter->filter(Object(CFilterChain))
#4 /var/www/controlI/yii/framework/web/filters/CInlineFilter.php(58): CController->filterAccessControl(Object(CFilterChain))
#5 /var/www/controlI/yii/framework/web/filters/CFilterChain.php(130): CInlineFilter->filter(Object(CFilterChain))
#6 /var/www/controlI/yii/framework/web/CController.php(291): CFilterChain->run()
#7 /var/www/controlI/yii/framework/web/CController.php(265): CController->runActionWithFilters(Object(CInlineAction), Array)
#8 /var/www/controlI/yii/framework/web/CWebApplication.php(282): CController->run('delete')
#9 /var/www/controlI/yii/framework/web/CWebApplication.php(141): CWebApplication->runController('incidentes/dele...')
#10 /var/www/controlI/yii/framework/base/CApplication.php(184): CWebApplication->processRequest()
#11 /var/www/controlI/controlI/index.php(13): CApplication->run()
#12 {main}
REQUEST_URI=/controlI/controlI/index.php/incidentes/delete/3
HTTP_REFERER=http://localhost/controlI/controlI/index.php/incidentes/admin
---
2015/03/19 09:44:05 [error] [exception.CHttpException.400] exception 'CHttpException' with message 'Su solicitud es inválida.' in /var/www/controlI/yii/framework/web/CController.php:1118
Stack trace:
#0 /var/www/controlI/yii/framework/web/filters/CInlineFilter.php(58): CController->filterPostOnly(Object(CFilterChain))
#1 /var/www/controlI/yii/framework/web/filters/CFilterChain.php(130): CInlineFilter->filter(Object(CFilterChain))
#2 /var/www/controlI/yii/framework/web/filters/CFilter.php(40): CFilterChain->run()
#3 /var/www/controlI/yii/framework/web/CController.php(1145): CFilter->filter(Object(CFilterChain))
#4 /var/www/controlI/yii/framework/web/filters/CInlineFilter.php(58): CController->filterAccessControl(Object(CFilterChain))
#5 /var/www/controlI/yii/framework/web/filters/CFilterChain.php(130): CInlineFilter->filter(Object(CFilterChain))
#6 /var/www/controlI/yii/framework/web/CController.php(291): CFilterChain->run()
#7 /var/www/controlI/yii/framework/web/CController.php(265): CController->runActionWithFilters(Object(CInlineAction), Array)
#8 /var/www/controlI/yii/framework/web/CWebApplication.php(282): CController->run('delete')
#9 /var/www/controlI/yii/framework/web/CWebApplication.php(141): CWebApplication->runController('incidentes/dele...')
#10 /var/www/controlI/yii/framework/base/CApplication.php(184): CWebApplication->processRequest()
#11 /var/www/controlI/controlI/index.php(13): CApplication->run()
#12 {main}
REQUEST_URI=/controlI/controlI/index.php/incidentes/delete/3
HTTP_REFERER=http://localhost/controlI/controlI/index.php/incidentes/admin
---
2015/03/19 09:45:43 [error] [exception.CHttpException.400] exception 'CHttpException' with message 'Su solicitud es inválida.' in /var/www/controlI/yii/framework/web/CController.php:1118
Stack trace:
#0 /var/www/controlI/yii/framework/web/filters/CInlineFilter.php(58): CController->filterPostOnly(Object(CFilterChain))
#1 /var/www/controlI/yii/framework/web/filters/CFilterChain.php(130): CInlineFilter->filter(Object(CFilterChain))
#2 /var/www/controlI/yii/framework/web/filters/CFilter.php(40): CFilterChain->run()
#3 /var/www/controlI/yii/framework/web/CController.php(1145): CFilter->filter(Object(CFilterChain))
#4 /var/www/controlI/yii/framework/web/filters/CInlineFilter.php(58): CController->filterAccessControl(Object(CFilterChain))
#5 /var/www/controlI/yii/framework/web/filters/CFilterChain.php(130): CInlineFilter->filter(Object(CFilterChain))
#6 /var/www/controlI/yii/framework/web/CController.php(291): CFilterChain->run()
#7 /var/www/controlI/yii/framework/web/CController.php(265): CController->runActionWithFilters(Object(CInlineAction), Array)
#8 /var/www/controlI/yii/framework/web/CWebApplication.php(282): CController->run('delete')
#9 /var/www/controlI/yii/framework/web/CWebApplication.php(141): CWebApplication->runController('incidentes/dele...')
#10 /var/www/controlI/yii/framework/base/CApplication.php(184): CWebApplication->processRequest()
#11 /var/www/controlI/controlI/index.php(13): CApplication->run()
#12 {main}
REQUEST_URI=/controlI/controlI/index.php/incidentes/delete/3
HTTP_REFERER=http://localhost/controlI/controlI/index.php/incidentes/admin
---
2015/03/19 09:45:59 [error] [exception.CHttpException.400] exception 'CHttpException' with message 'Su solicitud es inválida.' in /var/www/controlI/yii/framework/web/CController.php:1118
Stack trace:
#0 /var/www/controlI/yii/framework/web/filters/CInlineFilter.php(58): CController->filterPostOnly(Object(CFilterChain))
#1 /var/www/controlI/yii/framework/web/filters/CFilterChain.php(130): CInlineFilter->filter(Object(CFilterChain))
#2 /var/www/controlI/yii/framework/web/filters/CFilter.php(40): CFilterChain->run()
#3 /var/www/controlI/yii/framework/web/CController.php(1145): CFilter->filter(Object(CFilterChain))
#4 /var/www/controlI/yii/framework/web/filters/CInlineFilter.php(58): CController->filterAccessControl(Object(CFilterChain))
#5 /var/www/controlI/yii/framework/web/filters/CFilterChain.php(130): CInlineFilter->filter(Object(CFilterChain))
#6 /var/www/controlI/yii/framework/web/CController.php(291): CFilterChain->run()
#7 /var/www/controlI/yii/framework/web/CController.php(265): CController->runActionWithFilters(Object(CInlineAction), Array)
#8 /var/www/controlI/yii/framework/web/CWebApplication.php(282): CController->run('delete')
#9 /var/www/controlI/yii/framework/web/CWebApplication.php(141): CWebApplication->runController('incidentes/dele...')
#10 /var/www/controlI/yii/framework/base/CApplication.php(184): CWebApplication->processRequest()
#11 /var/www/controlI/controlI/index.php(13): CApplication->run()
#12 {main}
REQUEST_URI=/controlI/controlI/index.php/incidentes/delete/3
HTTP_REFERER=http://localhost/controlI/controlI/index.php/incidentes/admin
---
2015/03/19 09:46:11 [error] [exception.CHttpException.400] exception 'CHttpException' with message 'Su solicitud es inválida.' in /var/www/controlI/yii/framework/web/CController.php:1118
Stack trace:
#0 /var/www/controlI/yii/framework/web/filters/CInlineFilter.php(58): CController->filterPostOnly(Object(CFilterChain))
#1 /var/www/controlI/yii/framework/web/filters/CFilterChain.php(130): CInlineFilter->filter(Object(CFilterChain))
#2 /var/www/controlI/yii/framework/web/filters/CFilter.php(40): CFilterChain->run()
#3 /var/www/controlI/yii/framework/web/CController.php(1145): CFilter->filter(Object(CFilterChain))
#4 /var/www/controlI/yii/framework/web/filters/CInlineFilter.php(58): CController->filterAccessControl(Object(CFilterChain))
#5 /var/www/controlI/yii/framework/web/filters/CFilterChain.php(130): CInlineFilter->filter(Object(CFilterChain))
#6 /var/www/controlI/yii/framework/web/CController.php(291): CFilterChain->run()
#7 /var/www/controlI/yii/framework/web/CController.php(265): CController->runActionWithFilters(Object(CInlineAction), Array)
#8 /var/www/controlI/yii/framework/web/CWebApplication.php(282): CController->run('delete')
#9 /var/www/controlI/yii/framework/web/CWebApplication.php(141): CWebApplication->runController('incidentes/dele...')
#10 /var/www/controlI/yii/framework/base/CApplication.php(184): CWebApplication->processRequest()
#11 /var/www/controlI/controlI/index.php(13): CApplication->run()
#12 {main}
REQUEST_URI=/controlI/controlI/index.php/incidentes/delete/3
HTTP_REFERER=http://localhost/controlI/controlI/index.php/incidentes/admin
---
2015/03/19 09:46:53 [error] [exception.CHttpException.400] exception 'CHttpException' with message 'Su solicitud es inválida.' in /var/www/controlI/yii/framework/web/CController.php:1118
Stack trace:
#0 /var/www/controlI/yii/framework/web/filters/CInlineFilter.php(58): CController->filterPostOnly(Object(CFilterChain))
#1 /var/www/controlI/yii/framework/web/filters/CFilterChain.php(130): CInlineFilter->filter(Object(CFilterChain))
#2 /var/www/controlI/yii/framework/web/filters/CFilter.php(40): CFilterChain->run()
#3 /var/www/controlI/yii/framework/web/CController.php(1145): CFilter->filter(Object(CFilterChain))
#4 /var/www/controlI/yii/framework/web/filters/CInlineFilter.php(58): CController->filterAccessControl(Object(CFilterChain))
#5 /var/www/controlI/yii/framework/web/filters/CFilterChain.php(130): CInlineFilter->filter(Object(CFilterChain))
#6 /var/www/controlI/yii/framework/web/CController.php(291): CFilterChain->run()
#7 /var/www/controlI/yii/framework/web/CController.php(265): CController->runActionWithFilters(Object(CInlineAction), Array)
#8 /var/www/controlI/yii/framework/web/CWebApplication.php(282): CController->run('delete')
#9 /var/www/controlI/yii/framework/web/CWebApplication.php(141): CWebApplication->runController('incidentes/dele...')
#10 /var/www/controlI/yii/framework/base/CApplication.php(184): CWebApplication->processRequest()
#11 /var/www/controlI/controlI/index.php(13): CApplication->run()
#12 {main}
REQUEST_URI=/controlI/controlI/index.php/incidentes/delete/2
HTTP_REFERER=http://localhost/controlI/controlI/index.php/incidentes/admin
---
2015/03/19 10:58:40 [error] [exception.CException] exception 'CException' with message 'La propiedad "Incidentes"."InicioFechHora" no se encuentra definida.' in /var/www/controlI/yii/framework/base/CComponent.php:173
Stack trace:
#0 /var/www/controlI/yii/framework/db/ar/CActiveRecord.php(161): CComponent->__set('InicioFechHora', Object(CDbExpression))
#1 /var/www/controlI/controlI/protected/controllers/IncidentesController.php(73): CActiveRecord->__set('InicioFechHora', Object(CDbExpression))
#2 /var/www/controlI/yii/framework/web/actions/CInlineAction.php(49): IncidentesController->actionCreate()
#3 /var/www/controlI/yii/framework/web/CController.php(308): CInlineAction->runWithParams(Array)
#4 /var/www/controlI/yii/framework/web/filters/CFilterChain.php(133): CController->runAction(Object(CInlineAction))
#5 /var/www/controlI/yii/framework/web/filters/CFilter.php(40): CFilterChain->run()
#6 /var/www/controlI/yii/framework/web/CController.php(1145): CFilter->filter(Object(CFilterChain))
#7 /var/www/controlI/yii/framework/web/filters/CInlineFilter.php(58): CController->filterAccessControl(Object(CFilterChain))
#8 /var/www/controlI/yii/framework/web/filters/CFilterChain.php(130): CInlineFilter->filter(Object(CFilterChain))
#9 /var/www/controlI/yii/framework/web/CController.php(291): CFilterChain->run()
#10 /var/www/controlI/yii/framework/web/CController.php(265): CController->runActionWithFilters(Object(CInlineAction), Array)
#11 /var/www/controlI/yii/framework/web/CWebApplication.php(282): CController->run('create')
#12 /var/www/controlI/yii/framework/web/CWebApplication.php(141): CWebApplication->runController('incidentes/crea...')
#13 /var/www/controlI/yii/framework/base/CApplication.php(184): CWebApplication->processRequest()
#14 /var/www/controlI/controlI/index.php(13): CApplication->run()
#15 {main}
REQUEST_URI=/controlI/controlI/index.php/incidentes/create
HTTP_REFERER=http://localhost/controlI/controlI/index.php/incidentes/create
---
2015/03/19 11:06:44 [error] [exception.CException] exception 'CException' with message 'La propiedad "CListView"."class" no se encuentra definida.' in /var/www/controlI/yii/framework/base/CComponent.php:173
Stack trace:
#0 /var/www/controlI/yii/framework/web/CWidgetFactory.php(161): CComponent->__set('class', 'col-sm-3 col-md...')
#1 /var/www/controlI/yii/framework/web/CBaseController.php(146): CWidgetFactory->createWidget(Object(IncidentesController), 'zii.widgets.CLi...', Array)
#2 /var/www/controlI/yii/framework/web/CBaseController.php(180): CBaseController->createWidget('zii.widgets.CLi...', Array)
#3 /var/www/controlI/controlI/protected/views/incidentes/index.php(21): CBaseController->widget('zii.widgets.CLi...', Array)
#4 /var/www/controlI/yii/framework/web/CBaseController.php(126): require('/var/www/contro...')
#5 /var/www/controlI/yii/framework/web/CBaseController.php(95): CBaseController->renderInternal('/var/www/contro...', Array, true)
#6 /var/www/controlI/yii/framework/web/CController.php(869): CBaseController->renderFile('/var/www/contro...', Array, true)
#7 /var/www/controlI/yii/framework/web/CController.php(782): CController->renderPartial('index', Array, true)
#8 /var/www/controlI/controlI/protected/controllers/IncidentesController.php(130): CController->render('index', Array)
#9 /var/www/controlI/yii/framework/web/actions/CInlineAction.php(49): IncidentesController->actionIndex()
#10 /var/www/controlI/yii/framework/web/CController.php(308): CInlineAction->runWithParams(Array)
#11 /var/www/controlI/yii/framework/web/filters/CFilterChain.php(133): CController->runAction(Object(CInlineAction))
#12 /var/www/controlI/yii/framework/web/filters/CFilter.php(40): CFilterChain->run()
#13 /var/www/controlI/yii/framework/web/CController.php(1145): CFilter->filter(Object(CFilterChain))
#14 /var/www/controlI/yii/framework/web/filters/CInlineFilter.php(58): CController->filterAccessControl(Object(CFilterChain))
#15 /var/www/controlI/yii/framework/web/filters/CFilterChain.php(130): CInlineFilter->filter(Object(CFilterChain))
#16 /var/www/controlI/yii/framework/web/CController.php(291): CFilterChain->run()
#17 /var/www/controlI/yii/framework/web/CController.php(265): CController->runActionWithFilters(Object(CInlineAction), Array)
#18 /var/www/controlI/yii/framework/web/CWebApplication.php(282): CController->run('index')
#19 /var/www/controlI/yii/framework/web/CWebApplication.php(141): CWebApplication->runController('incidentes/inde...')
#20 /var/www/controlI/yii/framework/base/CApplication.php(184): CWebApplication->processRequest()
#21 /var/www/controlI/controlI/index.php(13): CApplication->run()
#22 {main}
REQUEST_URI=/controlI/controlI/index.php/incidentes/index
HTTP_REFERER=http://localhost/controlI/controlI/index.php/incidentes/admin
---
